Started GET "/" for 127.0.0.1 at 2018-04-18 18:17:06 +0800
  
ActiveRecord::NoDatabaseError (Unknown database 'rails101_dev'):
  
activerecord (5.0.3) lib/active_record/connection_adapters/mysql2_adapter.rb:29:in `rescue in mysql2_connection'
activerecord (5.0.3) lib/active_record/connection_adapters/mysql2_adapter.rb:12:in `mysql2_connection'
activerecord (5.0.3) lib/active_record/connection_adapters/abstract/connection_pool.rb:729:in `new_connection'
activerecord (5.0.3) lib/active_record/connection_adapters/abstract/connection_pool.rb:773:in `checkout_new_connection'
activerecord (5.0.3) lib/active_record/connection_adapters/abstract/connection_pool.rb:752:in `try_to_checkout_new_connection'
activerecord (5.0.3) lib/active_record/connection_adapters/abstract/connection_pool.rb:713:in `acquire_connection'
activerecord (5.0.3) lib/active_record/connection_adapters/abstract/connection_pool.rb:490:in `checkout'
activerecord (5.0.3) lib/active_record/connection_adapters/abstract/connection_pool.rb:364:in `connection'
activerecord (5.0.3) lib/active_record/connection_adapters/abstract/connection_pool.rb:883:in `retrieve_connection'
activerecord (5.0.3) lib/active_record/connection_handling.rb:128:in `retrieve_connection'
activerecord (5.0.3) lib/active_record/connection_handling.rb:91:in `connection'
activerecord (5.0.3) lib/active_record/migration.rb:559:in `connection'
activerecord (5.0.3) lib/active_record/migration.rb:546:in `call'
actionpack (5.0.3) lib/action_dispatch/middleware/callbacks.rb:38:in `block in call'
activesupport (5.0.3) lib/active_support/callbacks.rb:97:in `__run_callbacks__'
activesupport (5.0.3) lib/active_support/callbacks.rb:750:in `_run_call_callbacks'
activesupport (5.0.3) lib/active_support/callbacks.rb:90:in `run_callbacks'
actionpack (5.0.3) lib/action_dispatch/middleware/callbacks.rb:36:in `call'
actionpack (5.0.3) lib/action_dispatch/middleware/executor.rb:12:in `call'
actionpack (5.0.3) lib/action_dispatch/middleware/remote_ip.rb:79:in `call'
actionpack (5.0.3) lib/action_dispatch/middleware/debug_exceptions.rb:49:in `call'
web-console (3.5.1) lib/web_console/middleware.rb:135:in `call_app'
web-console (3.5.1) lib/web_console/middleware.rb:28:in `block in call'
web-console (3.5.1) lib/web_console/middleware.rb:18:in `catch'
web-console (3.5.1) lib/web_console/middleware.rb:18:in `call'
actionpack (5.0.3) lib/action_dispatch/middleware/show_exceptions.rb:31:in `call'
railties (5.0.3) lib/rails/rack/logger.rb:36:in `call_app'
railties (5.0.3) lib/rails/rack/logger.rb:24:in `block in call'
activesupport (5.0.3) lib/active_support/tagged_logging.rb:69:in `block in tagged'
activesupport (5.0.3) lib/active_support/tagged_logging.rb:26:in `tagged'
activesupport (5.0.3) lib/active_support/tagged_logging.rb:69:in `tagged'
railties (5.0.3) lib/rails/rack/logger.rb:24:in `call'
sprockets-rails (3.2.0) lib/sprockets/rails/quiet_assets.rb:13:in `call'
actionpack (5.0.3) lib/action_dispatch/middleware/request_id.rb:24:in `call'
rack (2.0.3) lib/rack/method_override.rb:22:in `call'
rack (2.0.3) lib/rack/runtime.rb:22:in `call'
activesupport (5.0.3) lib/active_support/cache/strategy/local_cache_middleware.rb:28:in `call'
actionpack (5.0.3) lib/action_dispatch/middleware/executor.rb:12:in `call'
actionpack (5.0.3) lib/action_dispatch/middleware/static.rb:136:in `call'
rack (2.0.3) lib/rack/sendfile.rb:111:in `call'
railties (5.0.3) lib/rails/engine.rb:522:in `call'
puma (3.8.1) lib/puma/configuration.rb:224:in `call'
puma (3.8.1) lib/puma/server.rb:590:in `handle_request'
puma (3.8.1) lib/puma/server.rb:425:in `process_client'
puma (3.8.1) lib/puma/server.rb:289:in `block in run'
puma (3.8.1) lib/puma/thread_pool.rb:120:in `block in spawn_thread'
  Rendering /Users/100offer/.rbenv/versions/2.4.1/lib/ruby/gems/2.4.0/gems/actionpack-5.0.3/lib/action_dispatch/middleware/templates/rescues/diagnostics.html.erb within rescues/layout
  Rendering /Users/100offer/.rbenv/versions/2.4.1/lib/ruby/gems/2.4.0/gems/actionpack-5.0.3/lib/action_dispatch/middleware/templates/rescues/_source.html.erb
  Rendered /Users/100offer/.rbenv/versions/2.4.1/lib/ruby/gems/2.4.0/gems/actionpack-5.0.3/lib/action_dispatch/middleware/templates/rescues/_source.html.erb (5.7ms)
  Rendering /Users/100offer/.rbenv/versions/2.4.1/lib/ruby/gems/2.4.0/gems/actionpack-5.0.3/lib/action_dispatch/middleware/templates/rescues/_trace.html.erb
  Rendered /Users/100offer/.rbenv/versions/2.4.1/lib/ruby/gems/2.4.0/gems/actionpack-5.0.3/lib/action_dispatch/middleware/templates/rescues/_trace.html.erb (2.6ms)
  Rendering /Users/100offer/.rbenv/versions/2.4.1/lib/ruby/gems/2.4.0/gems/actionpack-5.0.3/lib/action_dispatch/middleware/templates/rescues/_request_and_response.html.erb
  Rendered /Users/100offer/.rbenv/versions/2.4.1/lib/ruby/gems/2.4.0/gems/actionpack-5.0.3/lib/action_dispatch/middleware/templates/rescues/_request_and_response.html.erb (2.0ms)
  Rendered /Users/100offer/.rbenv/versions/2.4.1/lib/ruby/gems/2.4.0/gems/actionpack-5.0.3/lib/action_dispatch/middleware/templates/rescues/diagnostics.html.erb within rescues/layout (78.5ms)
Started GET "/" for 127.0.0.1 at 2018-04-18 18:18:10 +0800
  
ActiveRecord::PendingMigrationError (

Migrations are pending. To resolve this issue, run:

        bin/rails db:migrate RAILS_ENV=development

):
  
activerecord (5.0.3) lib/active_record/migration.rb:573:in `check_pending!'
activerecord (5.0.3) lib/active_record/migration.rb:549:in `call'
actionpack (5.0.3) lib/action_dispatch/middleware/callbacks.rb:38:in `block in call'
activesupport (5.0.3) lib/active_support/callbacks.rb:97:in `__run_callbacks__'
activesupport (5.0.3) lib/active_support/callbacks.rb:750:in `_run_call_callbacks'
activesupport (5.0.3) lib/active_support/callbacks.rb:90:in `run_callbacks'
actionpack (5.0.3) lib/action_dispatch/middleware/callbacks.rb:36:in `call'
actionpack (5.0.3) lib/action_dispatch/middleware/executor.rb:12:in `call'
actionpack (5.0.3) lib/action_dispatch/middleware/remote_ip.rb:79:in `call'
actionpack (5.0.3) lib/action_dispatch/middleware/debug_exceptions.rb:49:in `call'
web-console (3.5.1) lib/web_console/middleware.rb:135:in `call_app'
web-console (3.5.1) lib/web_console/middleware.rb:28:in `block in call'
web-console (3.5.1) lib/web_console/middleware.rb:18:in `catch'
web-console (3.5.1) lib/web_console/middleware.rb:18:in `call'
actionpack (5.0.3) lib/action_dispatch/middleware/show_exceptions.rb:31:in `call'
railties (5.0.3) lib/rails/rack/logger.rb:36:in `call_app'
railties (5.0.3) lib/rails/rack/logger.rb:24:in `block in call'
activesupport (5.0.3) lib/active_support/tagged_logging.rb:69:in `block in tagged'
activesupport (5.0.3) lib/active_support/tagged_logging.rb:26:in `tagged'
activesupport (5.0.3) lib/active_support/tagged_logging.rb:69:in `tagged'
railties (5.0.3) lib/rails/rack/logger.rb:24:in `call'
sprockets-rails (3.2.0) lib/sprockets/rails/quiet_assets.rb:13:in `call'
actionpack (5.0.3) lib/action_dispatch/middleware/request_id.rb:24:in `call'
rack (2.0.3) lib/rack/method_override.rb:22:in `call'
rack (2.0.3) lib/rack/runtime.rb:22:in `call'
activesupport (5.0.3) lib/active_support/cache/strategy/local_cache_middleware.rb:28:in `call'
actionpack (5.0.3) lib/action_dispatch/middleware/executor.rb:12:in `call'
actionpack (5.0.3) lib/action_dispatch/middleware/static.rb:136:in `call'
rack (2.0.3) lib/rack/sendfile.rb:111:in `call'
railties (5.0.3) lib/rails/engine.rb:522:in `call'
puma (3.8.1) lib/puma/configuration.rb:224:in `call'
puma (3.8.1) lib/puma/server.rb:590:in `handle_request'
puma (3.8.1) lib/puma/server.rb:425:in `process_client'
puma (3.8.1) lib/puma/server.rb:289:in `block in run'
puma (3.8.1) lib/puma/thread_pool.rb:120:in `block in spawn_thread'
  Rendering /Users/100offer/.rbenv/versions/2.4.1/lib/ruby/gems/2.4.0/gems/actionpack-5.0.3/lib/action_dispatch/middleware/templates/rescues/diagnostics.html.erb within rescues/layout
  Rendering /Users/100offer/.rbenv/versions/2.4.1/lib/ruby/gems/2.4.0/gems/actionpack-5.0.3/lib/action_dispatch/middleware/templates/rescues/_source.html.erb
  Rendered /Users/100offer/.rbenv/versions/2.4.1/lib/ruby/gems/2.4.0/gems/actionpack-5.0.3/lib/action_dispatch/middleware/templates/rescues/_source.html.erb (2.1ms)
  Rendering /Users/100offer/.rbenv/versions/2.4.1/lib/ruby/gems/2.4.0/gems/actionpack-5.0.3/lib/action_dispatch/middleware/templates/rescues/_trace.html.erb
  Rendered /Users/100offer/.rbenv/versions/2.4.1/lib/ruby/gems/2.4.0/gems/actionpack-5.0.3/lib/action_dispatch/middleware/templates/rescues/_trace.html.erb (2.1ms)
  Rendering /Users/100offer/.rbenv/versions/2.4.1/lib/ruby/gems/2.4.0/gems/actionpack-5.0.3/lib/action_dispatch/middleware/templates/rescues/_request_and_response.html.erb
  Rendered /Users/100offer/.rbenv/versions/2.4.1/lib/ruby/gems/2.4.0/gems/actionpack-5.0.3/lib/action_dispatch/middleware/templates/rescues/_request_and_response.html.erb (0.8ms)
  Rendered /Users/100offer/.rbenv/versions/2.4.1/lib/ruby/gems/2.4.0/gems/actionpack-5.0.3/lib/action_dispatch/middleware/templates/rescues/diagnostics.html.erb within rescues/layout (92.1ms)
  [1m[35m (101.9ms)[0m  [1m[35mCREATE TABLE `schema_migrations` (`version` varchar(255) PRIMARY KEY) ENGINE=InnoDB[0m
  [1m[35m (27.3ms)[0m  [1m[35mCREATE TABLE `ar_internal_metadata` (`key` varchar(255) PRIMARY KEY, `value` varchar(255), `created_at` datetime NOT NULL, `updated_at` datetime NOT NULL) ENGINE=InnoDB[0m
  [1m[35m (0.3ms)[0m  [1m[34mSELECT DATABASE() as db[0m
  [1m[35m (1.2ms)[0m  [1m[34mSELECT GET_LOCK('4305256743756866415', 0);[0m
  [1m[36mActiveRecord::SchemaMigration Load (13.6ms)[0m  [1m[34mSELECT `schema_migrations`.* FROM `schema_migrations`[0m
Migrating to CreateGroups (20170509022535)
  [1m[35m (16.0ms)[0m  [1m[35mCREATE TABLE `groups` (`id` int AUTO_INCREMENT PRIMARY KEY, `title` varchar(255), `description` text, `created_at` datetime NOT NULL, `updated_at` datetime NOT NULL) ENGINE=InnoDB[0m
  [1m[35m (0.1ms)[0m  [1m[35mBEGIN[0m
  [1m[35mSQL (2.4ms)[0m  [1m[32mINSERT INTO `schema_migrations` (`version`) VALUES ('20170509022535')[0m
  [1m[35m (0.3ms)[0m  [1m[35mCOMMIT[0m
Migrating to DeviseCreateUsers (20170525094140)
  [1m[35m (22.7ms)[0m  [1m[35mCREATE TABLE `users` (`id` int AUTO_INCREMENT PRIMARY KEY, `email` varchar(255) DEFAULT '' NOT NULL, `encrypted_password` varchar(255) DEFAULT '' NOT NULL, `reset_password_token` varchar(255), `reset_password_sent_at` datetime, `remember_created_at` datetime, `sign_in_count` int DEFAULT 0 NOT NULL, `current_sign_in_at` datetime, `last_sign_in_at` datetime, `current_sign_in_ip` varchar(255), `last_sign_in_ip` varchar(255), `created_at` datetime NOT NULL, `updated_at` datetime NOT NULL) ENGINE=InnoDB[0m
  [1m[35m (27.8ms)[0m  [1m[35mCREATE UNIQUE INDEX `index_users_on_email`  ON `users` (`email`) [0m
  [1m[35m (13.9ms)[0m  [1m[35mCREATE UNIQUE INDEX `index_users_on_reset_password_token`  ON `users` (`reset_password_token`) [0m
  [1m[35m (0.2ms)[0m  [1m[35mBEGIN[0m
  [1m[35mSQL (1.1ms)[0m  [1m[32mINSERT INTO `schema_migrations` (`version`) VALUES ('20170525094140')[0m
  [1m[35m (0.2ms)[0m  [1m[35mCOMMIT[0m
Migrating to AddUserIdToGroup (20170525102331)
  [1m[35m (46.2ms)[0m  [1m[35mALTER TABLE `groups` ADD `user_id` int[0m
  [1m[35m (0.1ms)[0m  [1m[35mBEGIN[0m
  [1m[35mSQL (1.2ms)[0m  [1m[32mINSERT INTO `schema_migrations` (`version`) VALUES ('20170525102331')[0m
  [1m[35m (0.3ms)[0m  [1m[35mCOMMIT[0m
Migrating to CreatePosts (20170526024120)
  [1m[35m (14.5ms)[0m  [1m[35mCREATE TABLE `posts` (`id` int AUTO_INCREMENT PRIMARY KEY, `content` text, `group_id` int, `user_id` int, `created_at` datetime NOT NULL, `updated_at` datetime NOT NULL) ENGINE=InnoDB[0m
  [1m[35m (0.2ms)[0m  [1m[35mBEGIN[0m
  [1m[35mSQL (1.2ms)[0m  [1m[32mINSERT INTO `schema_migrations` (`version`) VALUES ('20170526024120')[0m
  [1m[35m (0.3ms)[0m  [1m[35mCOMMIT[0m
Migrating to CreateGroupRelationships (20170526060136)
  [1m[35m (13.6ms)[0m  [1m[35mCREATE TABLE `group_relationships` (`id` int AUTO_INCREMENT PRIMARY KEY, `group_id` int, `user_id` int, `created_at` datetime NOT NULL, `updated_at` datetime NOT NULL) ENGINE=InnoDB[0m
  [1m[35m (0.1ms)[0m  [1m[35mBEGIN[0m
  [1m[35mSQL (1.3ms)[0m  [1m[32mINSERT INTO `schema_migrations` (`version`) VALUES ('20170526060136')[0m
  [1m[35m (0.3ms)[0m  [1m[35mCOMMIT[0m
Migrating to AddColumnSexToUser (20171122042742)
  [1m[35m (30.6ms)[0m  [1m[35mALTER TABLE `users` ADD `sex` tinyint DEFAULT 0 NOT NULL[0m
  [1m[35m (0.1ms)[0m  [1m[35mBEGIN[0m
  [1m[35mSQL (0.2ms)[0m  [1m[32mINSERT INTO `schema_migrations` (`version`) VALUES ('20171122042742')[0m
  [1m[35m (0.2ms)[0m  [1m[35mCOMMIT[0m
  [1m[36mActiveRecord::InternalMetadata Load (0.3ms)[0m  [1m[34mSELECT  `ar_internal_metadata`.* FROM `ar_internal_metadata` WHERE `ar_internal_metadata`.`key` = 'environment' LIMIT 1[0m
  [1m[35m (0.3ms)[0m  [1m[35mBEGIN[0m
  [1m[35mSQL (1.2ms)[0m  [1m[32mINSERT INTO `ar_internal_metadata` (`key`, `value`, `created_at`, `updated_at`) VALUES ('environment', 'development', '2018-04-18 10:18:39', '2018-04-18 10:18:39')[0m
  [1m[35m (0.4ms)[0m  [1m[35mCOMMIT[0m
  [1m[35m (1.1ms)[0m  [1m[34mSELECT RELEASE_LOCK('4305256743756866415')[0m
  [1m[36mActiveRecord::SchemaMigration Load (0.2ms)[0m  [1m[34mSELECT `schema_migrations`.* FROM `schema_migrations`[0m
  [1m[35m (0.2ms)[0m  [1m[35mSHOW CREATE TABLE `group_relationships`[0m
  [1m[35m (0.1ms)[0m  [1m[35mSHOW CREATE TABLE `groups`[0m
  [1m[35m (0.3ms)[0m  [1m[35mSHOW TABLE STATUS LIKE 'groups'[0m
  [1m[35m (0.2ms)[0m  [1m[35mSHOW CREATE TABLE `posts`[0m
  [1m[35m (0.3ms)[0m  [1m[35mSHOW TABLE STATUS LIKE 'posts'[0m
  [1m[35m (0.1ms)[0m  [1m[35mSHOW CREATE TABLE `users`[0m
  [1m[35m (0.2ms)[0m  [1m[35mSHOW TABLE STATUS LIKE 'users'[0m
Started GET "/" for 127.0.0.1 at 2018-04-18 18:18:41 +0800
  [1m[36mActiveRecord::SchemaMigration Load (6.1ms)[0m  [1m[34mSELECT `schema_migrations`.* FROM `schema_migrations`[0m
Processing by GroupsController#index as HTML
  Rendering groups/index.html.erb within layouts/application
  [1m[36mGroup Load (1.9ms)[0m  [1m[34mSELECT `groups`.* FROM `groups`[0m
  Rendered collection of groups/_group_item.html.erb [0 times] (0.0ms)
  Rendered groups/index.html.erb within layouts/application (5.5ms)
  Rendered common/_navbar.html.erb (4.3ms)
  Rendered common/_flashes.html.erb (0.5ms)
  Rendered common/_footer.html.erb (0.3ms)
Completed 200 OK in 3519ms (Views: 3499.5ms | ActiveRecord: 2.3ms)


Started GET "/name_child" for 127.0.0.1 at 2018-04-18 18:18:51 +0800
Processing by NameChildController#home as HTML
  Rendering name_child/home.html.erb within layouts/application
  Rendered name_child/home.html.erb within layouts/application (0.4ms)
  Rendered common/_navbar.html.erb (0.9ms)
  Rendered common/_flashes.html.erb (0.3ms)
  Rendered common/_footer.html.erb (0.2ms)
Completed 200 OK in 38ms (Views: 36.1ms | ActiveRecord: 0.0ms)


Started GET "/api" for 127.0.0.1 at 2018-04-18 18:28:55 +0800
Started GET "/" for 127.0.0.1 at 2018-04-23 15:01:02 +0800
  [1m[36mActiveRecord::SchemaMigration Load (29.0ms)[0m  [1m[34mSELECT `schema_migrations`.* FROM `schema_migrations`[0m
  
ActionController::RoutingError (uninitialized constant ApplicationController::JsonResponse):
  
app/controllers/application_controller.rb:2:in `<class:ApplicationController>'
app/controllers/application_controller.rb:1:in `<top (required)>'
app/controllers/groups_controller.rb:1:in `<top (required)>'
  Rendering /Users/100offer/.rbenv/versions/2.4.1/lib/ruby/gems/2.4.0/gems/actionpack-5.0.3/lib/action_dispatch/middleware/templates/rescues/routing_error.html.erb within rescues/layout
  Rendering /Users/100offer/.rbenv/versions/2.4.1/lib/ruby/gems/2.4.0/gems/actionpack-5.0.3/lib/action_dispatch/middleware/templates/rescues/_trace.html.erb
  Rendered /Users/100offer/.rbenv/versions/2.4.1/lib/ruby/gems/2.4.0/gems/actionpack-5.0.3/lib/action_dispatch/middleware/templates/rescues/_trace.html.erb (3.5ms)
  Rendered collection of /Users/100offer/.rbenv/versions/2.4.1/lib/ruby/gems/2.4.0/gems/actionpack-5.0.3/lib/action_dispatch/middleware/templates/routes/_route.html.erb [53 times] (27.2ms)
  Rendered /Users/100offer/.rbenv/versions/2.4.1/lib/ruby/gems/2.4.0/gems/actionpack-5.0.3/lib/action_dispatch/middleware/templates/routes/_table.html.erb (11.1ms)
  Rendering /Users/100offer/.rbenv/versions/2.4.1/lib/ruby/gems/2.4.0/gems/actionpack-5.0.3/lib/action_dispatch/middleware/templates/rescues/_request_and_response.html.erb
  Rendered /Users/100offer/.rbenv/versions/2.4.1/lib/ruby/gems/2.4.0/gems/actionpack-5.0.3/lib/action_dispatch/middleware/templates/rescues/_request_and_response.html.erb (10.2ms)
  Rendered /Users/100offer/.rbenv/versions/2.4.1/lib/ruby/gems/2.4.0/gems/actionpack-5.0.3/lib/action_dispatch/middleware/templates/rescues/routing_error.html.erb within rescues/layout (154.8ms)
Started GET "/" for 127.0.0.1 at 2018-04-23 15:01:38 +0800
  
ActionController::RoutingError (Couldn't find Account::GroupsHelper, expected it to be defined in helpers/account/groups_helper.rb):
  
app/controllers/application_controller.rb:1:in `<top (required)>'
app/controllers/groups_controller.rb:1:in `<top (required)>'
  Rendering /Users/100offer/.rbenv/versions/2.4.1/lib/ruby/gems/2.4.0/gems/actionpack-5.0.3/lib/action_dispatch/middleware/templates/rescues/routing_error.html.erb within rescues/layout
  Rendering /Users/100offer/.rbenv/versions/2.4.1/lib/ruby/gems/2.4.0/gems/actionpack-5.0.3/lib/action_dispatch/middleware/templates/rescues/_trace.html.erb
  Rendered /Users/100offer/.rbenv/versions/2.4.1/lib/ruby/gems/2.4.0/gems/actionpack-5.0.3/lib/action_dispatch/middleware/templates/rescues/_trace.html.erb (6.4ms)
  Rendered collection of /Users/100offer/.rbenv/versions/2.4.1/lib/ruby/gems/2.4.0/gems/actionpack-5.0.3/lib/action_dispatch/middleware/templates/routes/_route.html.erb [53 times] (12.7ms)
  Rendered /Users/100offer/.rbenv/versions/2.4.1/lib/ruby/gems/2.4.0/gems/actionpack-5.0.3/lib/action_dispatch/middleware/templates/routes/_table.html.erb (1.1ms)
  Rendering /Users/100offer/.rbenv/versions/2.4.1/lib/ruby/gems/2.4.0/gems/actionpack-5.0.3/lib/action_dispatch/middleware/templates/rescues/_request_and_response.html.erb
  Rendered /Users/100offer/.rbenv/versions/2.4.1/lib/ruby/gems/2.4.0/gems/actionpack-5.0.3/lib/action_dispatch/middleware/templates/rescues/_request_and_response.html.erb (1.0ms)
  Rendered /Users/100offer/.rbenv/versions/2.4.1/lib/ruby/gems/2.4.0/gems/actionpack-5.0.3/lib/action_dispatch/middleware/templates/rescues/routing_error.html.erb within rescues/layout (111.1ms)
Started GET "/" for 127.0.0.1 at 2018-04-23 15:02:43 +0800
Started GET "/" for 127.0.0.1 at 2018-04-23 15:02:54 +0800
  [1m[36mActiveRecord::SchemaMigration Load (5.1ms)[0m  [1m[34mSELECT `schema_migrations`.* FROM `schema_migrations`[0m
  
ActionController::RoutingError (uninitialized constant ApplicationController::JsonResponse):
  
app/controllers/application_controller.rb:2:in `<class:ApplicationController>'
app/controllers/application_controller.rb:1:in `<top (required)>'
app/controllers/groups_controller.rb:1:in `<top (required)>'
  Rendering /Users/100offer/.rbenv/versions/2.4.1/lib/ruby/gems/2.4.0/gems/actionpack-5.0.3/lib/action_dispatch/middleware/templates/rescues/routing_error.html.erb within rescues/layout
  Rendering /Users/100offer/.rbenv/versions/2.4.1/lib/ruby/gems/2.4.0/gems/actionpack-5.0.3/lib/action_dispatch/middleware/templates/rescues/_trace.html.erb
  Rendered /Users/100offer/.rbenv/versions/2.4.1/lib/ruby/gems/2.4.0/gems/actionpack-5.0.3/lib/action_dispatch/middleware/templates/rescues/_trace.html.erb (1.8ms)
  Rendered collection of /Users/100offer/.rbenv/versions/2.4.1/lib/ruby/gems/2.4.0/gems/actionpack-5.0.3/lib/action_dispatch/middleware/templates/routes/_route.html.erb [53 times] (15.2ms)
  Rendered /Users/100offer/.rbenv/versions/2.4.1/lib/ruby/gems/2.4.0/gems/actionpack-5.0.3/lib/action_dispatch/middleware/templates/routes/_table.html.erb (10.3ms)
  Rendering /Users/100offer/.rbenv/versions/2.4.1/lib/ruby/gems/2.4.0/gems/actionpack-5.0.3/lib/action_dispatch/middleware/templates/rescues/_request_and_response.html.erb
  Rendered /Users/100offer/.rbenv/versions/2.4.1/lib/ruby/gems/2.4.0/gems/actionpack-5.0.3/lib/action_dispatch/middleware/templates/rescues/_request_and_response.html.erb (9.3ms)
  Rendered /Users/100offer/.rbenv/versions/2.4.1/lib/ruby/gems/2.4.0/gems/actionpack-5.0.3/lib/action_dispatch/middleware/templates/rescues/routing_error.html.erb within rescues/layout (126.4ms)
Started GET "/" for 127.0.0.1 at 2018-04-23 15:02:55 +0800
  
ActionController::RoutingError (Couldn't find Account::GroupsHelper, expected it to be defined in helpers/account/groups_helper.rb):
  
app/controllers/application_controller.rb:1:in `<top (required)>'
app/controllers/groups_controller.rb:1:in `<top (required)>'
  Rendering /Users/100offer/.rbenv/versions/2.4.1/lib/ruby/gems/2.4.0/gems/actionpack-5.0.3/lib/action_dispatch/middleware/templates/rescues/routing_error.html.erb within rescues/layout
  Rendering /Users/100offer/.rbenv/versions/2.4.1/lib/ruby/gems/2.4.0/gems/actionpack-5.0.3/lib/action_dispatch/middleware/templates/rescues/_trace.html.erb
  Rendered /Users/100offer/.rbenv/versions/2.4.1/lib/ruby/gems/2.4.0/gems/actionpack-5.0.3/lib/action_dispatch/middleware/templates/rescues/_trace.html.erb (3.1ms)
  Rendered collection of /Users/100offer/.rbenv/versions/2.4.1/lib/ruby/gems/2.4.0/gems/actionpack-5.0.3/lib/action_dispatch/middleware/templates/routes/_route.html.erb [53 times] (19.0ms)
  Rendered /Users/100offer/.rbenv/versions/2.4.1/lib/ruby/gems/2.4.0/gems/actionpack-5.0.3/lib/action_dispatch/middleware/templates/routes/_table.html.erb (1.8ms)
  Rendering /Users/100offer/.rbenv/versions/2.4.1/lib/ruby/gems/2.4.0/gems/actionpack-5.0.3/lib/action_dispatch/middleware/templates/rescues/_request_and_response.html.erb
  Rendered /Users/100offer/.rbenv/versions/2.4.1/lib/ruby/gems/2.4.0/gems/actionpack-5.0.3/lib/action_dispatch/middleware/templates/rescues/_request_and_response.html.erb (1.3ms)
  Rendered /Users/100offer/.rbenv/versions/2.4.1/lib/ruby/gems/2.4.0/gems/actionpack-5.0.3/lib/action_dispatch/middleware/templates/rescues/routing_error.html.erb within rescues/layout (103.3ms)
Started GET "/" for 127.0.0.1 at 2018-04-23 15:02:57 +0800
  
ActionController::RoutingError (Couldn't find Account::GroupsHelper, expected it to be defined in helpers/account/groups_helper.rb):
  
app/controllers/application_controller.rb:1:in `<top (required)>'
app/controllers/groups_controller.rb:1:in `<top (required)>'
  Rendering /Users/100offer/.rbenv/versions/2.4.1/lib/ruby/gems/2.4.0/gems/actionpack-5.0.3/lib/action_dispatch/middleware/templates/rescues/routing_error.html.erb within rescues/layout
  Rendering /Users/100offer/.rbenv/versions/2.4.1/lib/ruby/gems/2.4.0/gems/actionpack-5.0.3/lib/action_dispatch/middleware/templates/rescues/_trace.html.erb
  Rendered /Users/100offer/.rbenv/versions/2.4.1/lib/ruby/gems/2.4.0/gems/actionpack-5.0.3/lib/action_dispatch/middleware/templates/rescues/_trace.html.erb (1.8ms)
  Rendered collection of /Users/100offer/.rbenv/versions/2.4.1/lib/ruby/gems/2.4.0/gems/actionpack-5.0.3/lib/action_dispatch/middleware/templates/routes/_route.html.erb [53 times] (14.3ms)
  Rendered /Users/100offer/.rbenv/versions/2.4.1/lib/ruby/gems/2.4.0/gems/actionpack-5.0.3/lib/action_dispatch/middleware/templates/routes/_table.html.erb (1.3ms)
  Rendering /Users/100offer/.rbenv/versions/2.4.1/lib/ruby/gems/2.4.0/gems/actionpack-5.0.3/lib/action_dispatch/middleware/templates/rescues/_request_and_response.html.erb
  Rendered /Users/100offer/.rbenv/versions/2.4.1/lib/ruby/gems/2.4.0/gems/actionpack-5.0.3/lib/action_dispatch/middleware/templates/rescues/_request_and_response.html.erb (1.3ms)
  Rendered /Users/100offer/.rbenv/versions/2.4.1/lib/ruby/gems/2.4.0/gems/actionpack-5.0.3/lib/action_dispatch/middleware/templates/rescues/routing_error.html.erb within rescues/layout (94.4ms)
Started GET "/" for 127.0.0.1 at 2018-04-23 15:04:25 +0800
  [1m[36mActiveRecord::SchemaMigration Load (10.0ms)[0m  [1m[34mSELECT `schema_migrations`.* FROM `schema_migrations`[0m
  
ActionController::RoutingError (uninitialized constant ApplicationController::JsonResponse):
  
app/controllers/application_controller.rb:2:in `<class:ApplicationController>'
app/controllers/application_controller.rb:1:in `<top (required)>'
app/controllers/groups_controller.rb:1:in `<top (required)>'
  Rendering /Users/100offer/.rbenv/versions/2.4.1/lib/ruby/gems/2.4.0/gems/actionpack-5.0.3/lib/action_dispatch/middleware/templates/rescues/routing_error.html.erb within rescues/layout
  Rendering /Users/100offer/.rbenv/versions/2.4.1/lib/ruby/gems/2.4.0/gems/actionpack-5.0.3/lib/action_dispatch/middleware/templates/rescues/_trace.html.erb
  Rendered /Users/100offer/.rbenv/versions/2.4.1/lib/ruby/gems/2.4.0/gems/actionpack-5.0.3/lib/action_dispatch/middleware/templates/rescues/_trace.html.erb (2.9ms)
  Rendered collection of /Users/100offer/.rbenv/versions/2.4.1/lib/ruby/gems/2.4.0/gems/actionpack-5.0.3/lib/action_dispatch/middleware/templates/routes/_route.html.erb [53 times] (22.6ms)
  Rendered /Users/100offer/.rbenv/versions/2.4.1/lib/ruby/gems/2.4.0/gems/actionpack-5.0.3/lib/action_dispatch/middleware/templates/routes/_table.html.erb (9.4ms)
  Rendering /Users/100offer/.rbenv/versions/2.4.1/lib/ruby/gems/2.4.0/gems/actionpack-5.0.3/lib/action_dispatch/middleware/templates/rescues/_request_and_response.html.erb
  Rendered /Users/100offer/.rbenv/versions/2.4.1/lib/ruby/gems/2.4.0/gems/actionpack-5.0.3/lib/action_dispatch/middleware/templates/rescues/_request_and_response.html.erb (9.6ms)
  Rendered /Users/100offer/.rbenv/versions/2.4.1/lib/ruby/gems/2.4.0/gems/actionpack-5.0.3/lib/action_dispatch/middleware/templates/rescues/routing_error.html.erb within rescues/layout (135.3ms)
Started GET "/" for 127.0.0.1 at 2018-04-23 15:04:37 +0800
Started GET "/" for 127.0.0.1 at 2018-04-23 15:05:01 +0800
  [1m[36mActiveRecord::SchemaMigration Load (7.3ms)[0m  [1m[34mSELECT `schema_migrations`.* FROM `schema_migrations`[0m
  
ActionController::RoutingError (uninitialized constant ApplicationController::JsonResponse):
  
app/controllers/application_controller.rb:2:in `<class:ApplicationController>'
app/controllers/application_controller.rb:1:in `<top (required)>'
app/controllers/groups_controller.rb:1:in `<top (required)>'
  Rendering /Users/100offer/.rbenv/versions/2.4.1/lib/ruby/gems/2.4.0/gems/actionpack-5.0.3/lib/action_dispatch/middleware/templates/rescues/routing_error.html.erb within rescues/layout
  Rendering /Users/100offer/.rbenv/versions/2.4.1/lib/ruby/gems/2.4.0/gems/actionpack-5.0.3/lib/action_dispatch/middleware/templates/rescues/_trace.html.erb
  Rendered /Users/100offer/.rbenv/versions/2.4.1/lib/ruby/gems/2.4.0/gems/actionpack-5.0.3/lib/action_dispatch/middleware/templates/rescues/_trace.html.erb (2.5ms)
  Rendered collection of /Users/100offer/.rbenv/versions/2.4.1/lib/ruby/gems/2.4.0/gems/actionpack-5.0.3/lib/action_dispatch/middleware/templates/routes/_route.html.erb [53 times] (25.7ms)
  Rendered /Users/100offer/.rbenv/versions/2.4.1/lib/ruby/gems/2.4.0/gems/actionpack-5.0.3/lib/action_dispatch/middleware/templates/routes/_table.html.erb (8.9ms)
  Rendering /Users/100offer/.rbenv/versions/2.4.1/lib/ruby/gems/2.4.0/gems/actionpack-5.0.3/lib/action_dispatch/middleware/templates/rescues/_request_and_response.html.erb
  Rendered /Users/100offer/.rbenv/versions/2.4.1/lib/ruby/gems/2.4.0/gems/actionpack-5.0.3/lib/action_dispatch/middleware/templates/rescues/_request_and_response.html.erb (9.3ms)
  Rendered /Users/100offer/.rbenv/versions/2.4.1/lib/ruby/gems/2.4.0/gems/actionpack-5.0.3/lib/action_dispatch/middleware/templates/rescues/routing_error.html.erb within rescues/layout (140.7ms)
Started GET "/" for 127.0.0.1 at 2018-04-23 15:06:06 +0800
  [1m[36mActiveRecord::SchemaMigration Load (7.3ms)[0m  [1m[34mSELECT `schema_migrations`.* FROM `schema_migrations`[0m
  
ActionController::RoutingError (uninitialized constant ApplicationController::JsonResponse):
  
app/controllers/application_controller.rb:2:in `<class:ApplicationController>'
app/controllers/application_controller.rb:1:in `<top (required)>'
app/controllers/groups_controller.rb:1:in `<top (required)>'
  Rendering /Users/100offer/.rbenv/versions/2.4.1/lib/ruby/gems/2.4.0/gems/actionpack-5.0.3/lib/action_dispatch/middleware/templates/rescues/routing_error.html.erb within rescues/layout
  Rendering /Users/100offer/.rbenv/versions/2.4.1/lib/ruby/gems/2.4.0/gems/actionpack-5.0.3/lib/action_dispatch/middleware/templates/rescues/_trace.html.erb
  Rendered /Users/100offer/.rbenv/versions/2.4.1/lib/ruby/gems/2.4.0/gems/actionpack-5.0.3/lib/action_dispatch/middleware/templates/rescues/_trace.html.erb (3.0ms)
  Rendered collection of /Users/100offer/.rbenv/versions/2.4.1/lib/ruby/gems/2.4.0/gems/actionpack-5.0.3/lib/action_dispatch/middleware/templates/routes/_route.html.erb [53 times] (27.6ms)
  Rendered /Users/100offer/.rbenv/versions/2.4.1/lib/ruby/gems/2.4.0/gems/actionpack-5.0.3/lib/action_dispatch/middleware/templates/routes/_table.html.erb (8.4ms)
  Rendering /Users/100offer/.rbenv/versions/2.4.1/lib/ruby/gems/2.4.0/gems/actionpack-5.0.3/lib/action_dispatch/middleware/templates/rescues/_request_and_response.html.erb
  Rendered /Users/100offer/.rbenv/versions/2.4.1/lib/ruby/gems/2.4.0/gems/actionpack-5.0.3/lib/action_dispatch/middleware/templates/rescues/_request_and_response.html.erb (9.6ms)
  Rendered /Users/100offer/.rbenv/versions/2.4.1/lib/ruby/gems/2.4.0/gems/actionpack-5.0.3/lib/action_dispatch/middleware/templates/rescues/routing_error.html.erb within rescues/layout (140.3ms)
Started POST "/__web_console/repl_sessions/24b757daed26f0e6d16ab8366bdcabc6/trace" for 127.0.0.1 at 2018-04-23 15:06:15 +0800
Started GET "/" for 127.0.0.1 at 2018-04-23 15:06:29 +0800
Started GET "/" for 127.0.0.1 at 2018-04-23 15:09:35 +0800
  [1m[36mActiveRecord::SchemaMigration Load (2.1ms)[0m  [1m[34mSELECT `schema_migrations`.* FROM `schema_migrations`[0m
  
ActionController::RoutingError (uninitialized constant ApplicationController::JwtAuth):
  
app/controllers/application_controller.rb:3:in `<class:ApplicationController>'
app/controllers/application_controller.rb:1:in `<top (required)>'
app/controllers/groups_controller.rb:1:in `<top (required)>'
  Rendering /Users/100offer/.rbenv/versions/2.4.1/lib/ruby/gems/2.4.0/gems/actionpack-5.0.3/lib/action_dispatch/middleware/templates/rescues/routing_error.html.erb within rescues/layout
  Rendering /Users/100offer/.rbenv/versions/2.4.1/lib/ruby/gems/2.4.0/gems/actionpack-5.0.3/lib/action_dispatch/middleware/templates/rescues/_trace.html.erb
  Rendered /Users/100offer/.rbenv/versions/2.4.1/lib/ruby/gems/2.4.0/gems/actionpack-5.0.3/lib/action_dispatch/middleware/templates/rescues/_trace.html.erb (3.0ms)
  Rendered collection of /Users/100offer/.rbenv/versions/2.4.1/lib/ruby/gems/2.4.0/gems/actionpack-5.0.3/lib/action_dispatch/middleware/templates/routes/_route.html.erb [53 times] (24.9ms)
  Rendered /Users/100offer/.rbenv/versions/2.4.1/lib/ruby/gems/2.4.0/gems/actionpack-5.0.3/lib/action_dispatch/middleware/templates/routes/_table.html.erb (8.9ms)
  Rendering /Users/100offer/.rbenv/versions/2.4.1/lib/ruby/gems/2.4.0/gems/actionpack-5.0.3/lib/action_dispatch/middleware/templates/rescues/_request_and_response.html.erb
  Rendered /Users/100offer/.rbenv/versions/2.4.1/lib/ruby/gems/2.4.0/gems/actionpack-5.0.3/lib/action_dispatch/middleware/templates/rescues/_request_and_response.html.erb (10.7ms)
  Rendered /Users/100offer/.rbenv/versions/2.4.1/lib/ruby/gems/2.4.0/gems/actionpack-5.0.3/lib/action_dispatch/middleware/templates/rescues/routing_error.html.erb within rescues/layout (137.5ms)
Started GET "/" for 127.0.0.1 at 2018-04-23 15:09:52 +0800
Started GET "/" for 127.0.0.1 at 2018-04-23 15:10:07 +0800
  [1m[36mActiveRecord::SchemaMigration Load (6.5ms)[0m  [1m[34mSELECT `schema_migrations`.* FROM `schema_migrations`[0m
Processing by GroupsController#index as HTML
  Rendering groups/index.html.erb within layouts/application
  [1m[36mGroup Load (20.0ms)[0m  [1m[34mSELECT `groups`.* FROM `groups`[0m
  Rendered collection of groups/_group_item.html.erb [0 times] (0.0ms)
  Rendered groups/index.html.erb within layouts/application (29.7ms)
  Rendered common/_navbar.html.erb (3.9ms)
  Rendered common/_flashes.html.erb (0.4ms)
  Rendered common/_footer.html.erb (0.2ms)
Completed 200 OK in 397ms (Views: 358.2ms | ActiveRecord: 22.3ms)


Started GET "/name_child" for 127.0.0.1 at 2018-04-23 15:10:21 +0800
Processing by NameChildController#home as HTML
  Rendering name_child/home.html.erb within layouts/application
  Rendered name_child/home.html.erb within layouts/application (0.5ms)
  Rendered common/_navbar.html.erb (1.9ms)
  Rendered common/_flashes.html.erb (0.4ms)
  Rendered common/_footer.html.erb (0.2ms)
Completed 200 OK in 42ms (Views: 40.1ms | ActiveRecord: 0.0ms)


Started GET "/" for 127.0.0.1 at 2018-08-14 18:36:59 +0800
  [1m[36mActiveRecord::SchemaMigration Load (20.1ms)[0m  [1m[34mSELECT `schema_migrations`.* FROM `schema_migrations`[0m
Processing by GroupsController#index as HTML
  Rendering groups/index.html.erb within layouts/application
  [1m[36mGroup Load (10.6ms)[0m  [1m[34mSELECT `groups`.* FROM `groups`[0m
  Rendered collection of groups/_group_item.html.erb [0 times] (0.0ms)
  Rendered groups/index.html.erb within layouts/application (19.0ms)
  Rendered common/_navbar.html.erb (5.4ms)
  Rendered common/_flashes.html.erb (0.5ms)
  Rendered common/_footer.html.erb (0.3ms)
Completed 200 OK in 441ms (Views: 409.7ms | ActiveRecord: 11.0ms)


Started GET "/users/sign_in" for 127.0.0.1 at 2018-08-14 18:37:03 +0800
Processing by Devise::SessionsController#new as HTML
  Rendering /Users/100offer/.rbenv/versions/2.4.1/lib/ruby/gems/2.4.0/gems/devise-4.3.0/app/views/devise/sessions/new.html.erb within layouts/application
  Rendered /Users/100offer/.rbenv/versions/2.4.1/lib/ruby/gems/2.4.0/gems/devise-4.3.0/app/views/devise/shared/_links.html.erb (1.0ms)
  Rendered /Users/100offer/.rbenv/versions/2.4.1/lib/ruby/gems/2.4.0/gems/devise-4.3.0/app/views/devise/sessions/new.html.erb within layouts/application (29.8ms)
  Rendered common/_navbar.html.erb (1.2ms)
  Rendered common/_flashes.html.erb (0.4ms)
  Rendered common/_footer.html.erb (0.4ms)
Completed 200 OK in 89ms (Views: 65.2ms | ActiveRecord: 11.7ms)


Started GET "/spa/companies/2/recruiter" for 127.0.0.1 at 2018-08-15 11:01:28 +0800
  
ActionController::RoutingError (No route matches [GET] "/spa/companies/2/recruiter"):
  
actionpack (5.0.3) lib/action_dispatch/middleware/debug_exceptions.rb:53:in `call'
web-console (3.5.1) lib/web_console/middleware.rb:135:in `call_app'
web-console (3.5.1) lib/web_console/middleware.rb:28:in `block in call'
web-console (3.5.1) lib/web_console/middleware.rb:18:in `catch'
web-console (3.5.1) lib/web_console/middleware.rb:18:in `call'
actionpack (5.0.3) lib/action_dispatch/middleware/show_exceptions.rb:31:in `call'
railties (5.0.3) lib/rails/rack/logger.rb:36:in `call_app'
railties (5.0.3) lib/rails/rack/logger.rb:24:in `block in call'
activesupport (5.0.3) lib/active_support/tagged_logging.rb:69:in `block in tagged'
activesupport (5.0.3) lib/active_support/tagged_logging.rb:26:in `tagged'
activesupport (5.0.3) lib/active_support/tagged_logging.rb:69:in `tagged'
railties (5.0.3) lib/rails/rack/logger.rb:24:in `call'
sprockets-rails (3.2.0) lib/sprockets/rails/quiet_assets.rb:13:in `call'
actionpack (5.0.3) lib/action_dispatch/middleware/request_id.rb:24:in `call'
rack (2.0.3) lib/rack/method_override.rb:22:in `call'
rack (2.0.3) lib/rack/runtime.rb:22:in `call'
activesupport (5.0.3) lib/active_support/cache/strategy/local_cache_middleware.rb:28:in `call'
actionpack (5.0.3) lib/action_dispatch/middleware/executor.rb:12:in `call'
actionpack (5.0.3) lib/action_dispatch/middleware/static.rb:136:in `call'
rack (2.0.3) lib/rack/sendfile.rb:111:in `call'
railties (5.0.3) lib/rails/engine.rb:522:in `call'
puma (3.8.1) lib/puma/configuration.rb:224:in `call'
puma (3.8.1) lib/puma/server.rb:590:in `handle_request'
puma (3.8.1) lib/puma/server.rb:425:in `process_client'
puma (3.8.1) lib/puma/server.rb:289:in `block in run'
puma (3.8.1) lib/puma/thread_pool.rb:120:in `block in spawn_thread'
  Rendering /Users/100offer/.rbenv/versions/2.4.1/lib/ruby/gems/2.4.0/gems/actionpack-5.0.3/lib/action_dispatch/middleware/templates/rescues/routing_error.html.erb within rescues/layout
  Rendering /Users/100offer/.rbenv/versions/2.4.1/lib/ruby/gems/2.4.0/gems/actionpack-5.0.3/lib/action_dispatch/middleware/templates/rescues/_trace.html.erb
  Rendered /Users/100offer/.rbenv/versions/2.4.1/lib/ruby/gems/2.4.0/gems/actionpack-5.0.3/lib/action_dispatch/middleware/templates/rescues/_trace.html.erb (2.3ms)
  Rendered collection of /Users/100offer/.rbenv/versions/2.4.1/lib/ruby/gems/2.4.0/gems/actionpack-5.0.3/lib/action_dispatch/middleware/templates/routes/_route.html.erb [53 times] (117.0ms)
  Rendered /Users/100offer/.rbenv/versions/2.4.1/lib/ruby/gems/2.4.0/gems/actionpack-5.0.3/lib/action_dispatch/middleware/templates/routes/_table.html.erb (21.0ms)
  Rendering /Users/100offer/.rbenv/versions/2.4.1/lib/ruby/gems/2.4.0/gems/actionpack-5.0.3/lib/action_dispatch/middleware/templates/rescues/_request_and_response.html.erb
  Rendered /Users/100offer/.rbenv/versions/2.4.1/lib/ruby/gems/2.4.0/gems/actionpack-5.0.3/lib/action_dispatch/middleware/templates/rescues/_request_and_response.html.erb (2.7ms)
  Rendered /Users/100offer/.rbenv/versions/2.4.1/lib/ruby/gems/2.4.0/gems/actionpack-5.0.3/lib/action_dispatch/middleware/templates/rescues/routing_error.html.erb within rescues/layout (233.8ms)
Started GET "/" for 127.0.0.1 at 2018-09-07 11:22:50 +0800
  [1m[36mActiveRecord::SchemaMigration Load (6.5ms)[0m  [1m[34mSELECT `schema_migrations`.* FROM `schema_migrations`[0m
Processing by GroupsController#index as HTML
  Rendering groups/index.html.erb within layouts/application
  [1m[36mGroup Load (4.4ms)[0m  [1m[34mSELECT `groups`.* FROM `groups`[0m
  Rendered collection of groups/_group_item.html.erb [0 times] (0.0ms)
  Rendered groups/index.html.erb within layouts/application (12.5ms)
  Rendered common/_navbar.html.erb (5.2ms)
  Rendered common/_flashes.html.erb (0.5ms)
  Rendered common/_footer.html.erb (0.3ms)
Completed 200 OK in 346ms (Views: 324.6ms | ActiveRecord: 5.0ms)


Started GET "/users/sign_in" for 127.0.0.1 at 2018-09-07 11:22:56 +0800
Processing by Devise::SessionsController#new as HTML
  Rendering /Users/100offer/.rbenv/versions/2.4.1/lib/ruby/gems/2.4.0/gems/devise-4.3.0/app/views/devise/sessions/new.html.erb within layouts/application
  Rendered /Users/100offer/.rbenv/versions/2.4.1/lib/ruby/gems/2.4.0/gems/devise-4.3.0/app/views/devise/shared/_links.html.erb (0.9ms)
  Rendered /Users/100offer/.rbenv/versions/2.4.1/lib/ruby/gems/2.4.0/gems/devise-4.3.0/app/views/devise/sessions/new.html.erb within layouts/application (29.9ms)
  Rendered common/_navbar.html.erb (0.7ms)
  Rendered common/_flashes.html.erb (0.3ms)
  Rendered common/_footer.html.erb (0.2ms)
Completed 200 OK in 84ms (Views: 67.1ms | ActiveRecord: 4.5ms)


